2019-05-30 11:00:23,186 [Worker-1: Loading available Gradle versions] INFO  o.e.b.c.i.u.g.PublishedGradleVersions - Gradle version information cache is out-of-date. Trying to update.
2019-05-30 11:06:55,112 [Worker-3: Importing Maven projects] INFO  o.e.m.c.i.l.LifecycleMappingFactory - Using org.eclipse.m2e.jdt.JarLifecycleMapping lifecycle mapping for MavenProject: com.in28minutes.springboot.basics:springboot-in-10-steps:0.0.1-SNAPSHOT @ C:\Microservices\04-053\springboot-in-10-steps\pom.xml.
2019-05-30 11:07:04,025 [Worker-3: Importing Maven projects] INFO  o.e.m.j.i.AbstractJavaProjectConfigurator - Adding source folder /springboot-in-10-steps/src/main/java
2019-05-30 11:07:04,026 [Worker-3: Importing Maven projects] INFO  o.e.m.j.i.AbstractJavaProjectConfigurator - Adding resource folder /springboot-in-10-steps/src/main/resources
2019-05-30 11:07:04,035 [Worker-3: Importing Maven projects] INFO  o.e.m.j.i.AbstractJavaProjectConfigurator - Adding resource folder /springboot-in-10-steps/src/main/resources
2019-05-30 11:07:04,040 [Worker-3: Importing Maven projects] INFO  o.e.m.j.i.AbstractJavaProjectConfigurator - Adding source folder /springboot-in-10-steps/src/test/java
2019-05-30 11:07:05,838 [Worker-3: Importing Maven projects] INFO  o.e.m.c.i.p.ProjectConfigurationManager - Imported and configured 1 project(s) in 22 sec
2019-05-30 11:07:08,482 [Worker-3: Building workspace] INFO  o.e.m.c.i.embedder.EclipseLogger - Using 'UTF-8' encoding to copy filtered resources.
2019-05-30 11:07:08,566 [Worker-3: Building workspace] INFO  o.e.m.c.i.embedder.EclipseLogger - Copying 1 resource
2019-05-30 11:07:08,584 [Worker-3: Building workspace] INFO  o.e.m.c.i.embedder.EclipseLogger - Copying 0 resource
2019-05-30 11:07:08,589 [Worker-3: Building workspace] INFO  o.e.m.c.i.embedder.EclipseLogger - Using 'UTF-8' encoding to copy filtered resources.
2019-05-30 11:07:08,590 [Worker-3: Building workspace] INFO  o.e.m.c.i.embedder.EclipseLogger - skip non existing resourceDirectory C:\Microservices\04-053\springboot-in-10-steps\src\test\resources
2019-05-30 11:08:57,613 [Worker-17: Building workspace] INFO  o.e.m.c.i.embedder.EclipseLogger - Using 'UTF-8' encoding to copy filtered resources.
2019-05-30 11:08:57,615 [Worker-17: Building workspace] INFO  o.e.m.c.i.embedder.EclipseLogger - Copying 0 resource
2019-05-30 11:08:57,616 [Worker-17: Building workspace] INFO  o.e.m.c.i.embedder.EclipseLogger - Copying 0 resource
2019-05-30 11:08:57,619 [Worker-17: Building workspace] INFO  o.e.m.c.i.embedder.EclipseLogger - Using 'UTF-8' encoding to copy filtered resources.
2019-05-30 11:08:57,619 [Worker-17: Building workspace] INFO  o.e.m.c.i.embedder.EclipseLogger - skip non existing resourceDirectory C:\Microservices\04-053\springboot-in-10-steps\src\test\resources
2019-05-30 11:09:11,119 [Worker-14: Building workspace] INFO  o.e.m.c.i.embedder.EclipseLogger - Using 'UTF-8' encoding to copy filtered resources.
2019-05-30 11:09:11,123 [Worker-14: Building workspace] INFO  o.e.m.c.i.embedder.EclipseLogger - Copying 1 resource
2019-05-30 11:09:11,127 [Worker-14: Building workspace] INFO  o.e.m.c.i.embedder.EclipseLogger - Copying 0 resource
2019-05-30 11:09:11,130 [Worker-14: Building workspace] INFO  o.e.m.c.i.embedder.EclipseLogger - Using 'UTF-8' encoding to copy filtered resources.
2019-05-30 11:09:11,130 [Worker-14: Building workspace] INFO  o.e.m.c.i.embedder.EclipseLogger - skip non existing resourceDirectory C:\Microservices\04-053\springboot-in-10-steps\src\test\resources
2019-05-30 11:11:27,884 [Worker-17: Building workspace] INFO  o.e.m.c.i.embedder.EclipseLogger - Using 'UTF-8' encoding to copy filtered resources.
2019-05-30 11:11:27,887 [Worker-17: Building workspace] INFO  o.e.m.c.i.embedder.EclipseLogger - Copying 1 resource
2019-05-30 11:11:27,890 [Worker-17: Building workspace] INFO  o.e.m.c.i.embedder.EclipseLogger - Copying 0 resource
2019-05-30 11:11:27,893 [Worker-17: Building workspace] INFO  o.e.m.c.i.embedder.EclipseLogger - Using 'UTF-8' encoding to copy filtered resources.
2019-05-30 11:11:27,893 [Worker-17: Building workspace] INFO  o.e.m.c.i.embedder.EclipseLogger - skip non existing resourceDirectory C:\Microservices\04-053\springboot-in-10-steps\src\test\resources
2019-05-30 11:13:20,102 [Worker-17: Building workspace] INFO  o.e.m.c.i.embedder.EclipseLogger - Using 'UTF-8' encoding to copy filtered resources.
2019-05-30 11:13:20,104 [Worker-17: Building workspace] INFO  o.e.m.c.i.embedder.EclipseLogger - Copying 1 resource
2019-05-30 11:13:20,107 [Worker-17: Building workspace] INFO  o.e.m.c.i.embedder.EclipseLogger - Copying 0 resource
2019-05-30 11:13:20,110 [Worker-17: Building workspace] INFO  o.e.m.c.i.embedder.EclipseLogger - Using 'UTF-8' encoding to copy filtered resources.
2019-05-30 11:13:20,110 [Worker-17: Building workspace] INFO  o.e.m.c.i.embedder.EclipseLogger - skip non existing resourceDirectory C:\Microservices\04-053\springboot-in-10-steps\src\test\resources
2019-05-30 11:21:18,747 [Worker-16: Building workspace] INFO  o.e.m.c.i.embedder.EclipseLogger - Using 'UTF-8' encoding to copy filtered resources.
2019-05-30 11:21:18,749 [Worker-16: Building workspace] INFO  o.e.m.c.i.embedder.EclipseLogger - Copying 1 resource
2019-05-30 11:21:18,752 [Worker-16: Building workspace] INFO  o.e.m.c.i.embedder.EclipseLogger - Copying 0 resource
2019-05-30 11:21:18,755 [Worker-16: Building workspace] INFO  o.e.m.c.i.embedder.EclipseLogger - Using 'UTF-8' encoding to copy filtered resources.
2019-05-30 11:21:18,756 [Worker-16: Building workspace] INFO  o.e.m.c.i.embedder.EclipseLogger - skip non existing resourceDirectory C:\Microservices\04-053\springboot-in-10-steps\src\test\resources
2019-05-30 11:21:23,158 [Worker-14: Building workspace] INFO  o.e.m.c.i.embedder.EclipseLogger - Using 'UTF-8' encoding to copy filtered resources.
2019-05-30 11:21:23,160 [Worker-14: Building workspace] INFO  o.e.m.c.i.embedder.EclipseLogger - Copying 1 resource
2019-05-30 11:21:23,163 [Worker-14: Building workspace] INFO  o.e.m.c.i.embedder.EclipseLogger - Copying 0 resource
2019-05-30 11:21:23,166 [Worker-14: Building workspace] INFO  o.e.m.c.i.embedder.EclipseLogger - Using 'UTF-8' encoding to copy filtered resources.
2019-05-30 11:21:23,166 [Worker-14: Building workspace] INFO  o.e.m.c.i.embedder.EclipseLogger - skip non existing resourceDirectory C:\Microservices\04-053\springboot-in-10-steps\src\test\resources
2019-05-30 11:24:54,060 [Worker-18: Building workspace] INFO  o.e.m.c.i.embedder.EclipseLogger - Using 'UTF-8' encoding to copy filtered resources.
2019-05-30 11:24:54,062 [Worker-18: Building workspace] INFO  o.e.m.c.i.embedder.EclipseLogger - Copying 1 resource
2019-05-30 11:24:54,065 [Worker-18: Building workspace] INFO  o.e.m.c.i.embedder.EclipseLogger - Copying 0 resource
2019-05-30 11:24:54,070 [Worker-18: Building workspace] INFO  o.e.m.c.i.embedder.EclipseLogger - Using 'UTF-8' encoding to copy filtered resources.
2019-05-30 11:24:54,070 [Worker-18: Building workspace] INFO  o.e.m.c.i.embedder.EclipseLogger - skip non existing resourceDirectory C:\Microservices\04-053\springboot-in-10-steps\src\test\resources
2019-05-30 11:26:26,744 [Worker-22: Building workspace] INFO  o.e.m.c.i.embedder.EclipseLogger - Using 'UTF-8' encoding to copy filtered resources.
2019-05-30 11:26:26,746 [Worker-22: Building workspace] INFO  o.e.m.c.i.embedder.EclipseLogger - Copying 1 resource
2019-05-30 11:26:26,749 [Worker-22: Building workspace] INFO  o.e.m.c.i.embedder.EclipseLogger - Copying 0 resource
2019-05-30 11:26:26,751 [Worker-22: Building workspace] INFO  o.e.m.c.i.embedder.EclipseLogger - Using 'UTF-8' encoding to copy filtered resources.
2019-05-30 11:26:26,752 [Worker-22: Building workspace] INFO  o.e.m.c.i.embedder.EclipseLogger - skip non existing resourceDirectory C:\Microservices\04-053\springboot-in-10-steps\src\test\resources
2019-05-30 11:26:42,635 [Worker-20: Updating Maven Project] INFO  o.e.m.c.i.p.ProjectConfigurationManager - Update started
2019-05-30 11:26:43,789 [Worker-20: Updating Maven Project] INFO  o.e.m.c.i.l.LifecycleMappingFactory - Using org.eclipse.m2e.jdt.JarLifecycleMapping lifecycle mapping for MavenProject: com.in28minutes.springboot.basics:springboot-in-10-steps:0.0.1-SNAPSHOT @ C:\Microservices\04-053\springboot-in-10-steps\pom.xml.
2019-05-30 11:26:45,366 [Worker-20: Updating Maven Project] INFO  o.e.m.j.i.AbstractJavaProjectConfigurator - Adding source folder /springboot-in-10-steps/src/main/java
2019-05-30 11:26:45,366 [Worker-20: Updating Maven Project] INFO  o.e.m.j.i.AbstractJavaProjectConfigurator - Adding resource folder /springboot-in-10-steps/src/main/resources
2019-05-30 11:26:45,367 [Worker-20: Updating Maven Project] INFO  o.e.m.j.i.AbstractJavaProjectConfigurator - Adding resource folder /springboot-in-10-steps/src/main/resources
2019-05-30 11:26:45,368 [Worker-20: Updating Maven Project] INFO  o.e.m.j.i.AbstractJavaProjectConfigurator - Adding source folder /springboot-in-10-steps/src/test/java
2019-05-30 11:26:45,609 [Worker-20: Updating Maven Project] INFO  o.e.m.c.i.p.ProjectConfigurationManager - Update completed: 2 sec
2019-05-30 11:26:46,492 [Worker-16: Building workspace] INFO  o.e.m.c.i.embedder.EclipseLogger - Using 'UTF-8' encoding to copy filtered resources.
2019-05-30 11:26:46,493 [Worker-16: Building workspace] INFO  o.e.m.c.i.embedder.EclipseLogger - Copying 1 resource
2019-05-30 11:26:46,510 [Worker-16: Building workspace] INFO  o.e.m.c.i.embedder.EclipseLogger - Copying 0 resource
2019-05-30 11:26:46,514 [Worker-16: Building workspace] INFO  o.e.m.c.i.embedder.EclipseLogger - Using 'UTF-8' encoding to copy filtered resources.
2019-05-30 11:26:46,514 [Worker-16: Building workspace] INFO  o.e.m.c.i.embedder.EclipseLogger - skip non existing resourceDirectory C:\Microservices\04-053\springboot-in-10-steps\src\test\resources
2019-05-30 11:28:06,255 [Worker-17: Building workspace] INFO  o.e.m.c.i.embedder.EclipseLogger - Using 'UTF-8' encoding to copy filtered resources.
2019-05-30 11:28:06,257 [Worker-17: Building workspace] INFO  o.e.m.c.i.embedder.EclipseLogger - Copying 1 resource
2019-05-30 11:28:06,259 [Worker-17: Building workspace] INFO  o.e.m.c.i.embedder.EclipseLogger - Copying 0 resource
2019-05-30 11:28:06,262 [Worker-17: Building workspace] INFO  o.e.m.c.i.embedder.EclipseLogger - Using 'UTF-8' encoding to copy filtered resources.
2019-05-30 11:28:06,262 [Worker-17: Building workspace] INFO  o.e.m.c.i.embedder.EclipseLogger - skip non existing resourceDirectory C:\Microservices\04-053\springboot-in-10-steps\src\test\resources
2019-05-30 12:02:09,737 [Worker-16: Building workspace] INFO  o.e.m.c.i.embedder.EclipseLogger - Using 'UTF-8' encoding to copy filtered resources.
2019-05-30 12:02:09,759 [Worker-16: Building workspace] INFO  o.e.m.c.i.embedder.EclipseLogger - Copying 1 resource
2019-05-30 12:02:09,781 [Worker-16: Building workspace] INFO  o.e.m.c.i.embedder.EclipseLogger - Copying 0 resource
2019-05-30 12:02:09,828 [Worker-16: Building workspace] INFO  o.e.m.c.i.embedder.EclipseLogger - Using 'UTF-8' encoding to copy filtered resources.
2019-05-30 12:02:09,829 [Worker-16: Building workspace] INFO  o.e.m.c.i.embedder.EclipseLogger - skip non existing resourceDirectory C:\Microservices\04-053\springboot-in-10-steps\src\test\resources
2019-05-30 12:29:23,300 [Worker-25: Building workspace] INFO  o.e.m.c.i.embedder.EclipseLogger - Using 'UTF-8' encoding to copy filtered resources.
2019-05-30 12:29:23,393 [Worker-25: Building workspace] INFO  o.e.m.c.i.embedder.EclipseLogger - Copying 1 resource
2019-05-30 12:29:23,395 [Worker-25: Building workspace] INFO  o.e.m.c.i.embedder.EclipseLogger - Copying 0 resource
2019-05-30 12:29:23,398 [Worker-25: Building workspace] INFO  o.e.m.c.i.embedder.EclipseLogger - Using 'UTF-8' encoding to copy filtered resources.
2019-05-30 12:29:23,399 [Worker-25: Building workspace] INFO  o.e.m.c.i.embedder.EclipseLogger - skip non existing resourceDirectory C:\Microservices\04-053\springboot-in-10-steps\src\test\resources
2019-05-30 15:23:08,285 [Worker-22: Building workspace] INFO  o.e.m.c.i.l.LifecycleMappingFactory - Using org.eclipse.m2e.jdt.JarLifecycleMapping lifecycle mapping for MavenProject: com.in28minutes.springboot.basics:springboot-in-10-steps:0.0.1-SNAPSHOT @ C:\Microservices\04-053\springboot-in-10-steps\pom.xml.
2019-05-30 15:24:23,919 [Worker-23: Updating Maven Project] INFO  o.e.m.c.i.p.ProjectConfigurationManager - Update started
2019-05-30 15:24:24,935 [Worker-23: Updating Maven Project] INFO  o.e.m.c.i.l.LifecycleMappingFactory - Using org.eclipse.m2e.jdt.JarLifecycleMapping lifecycle mapping for MavenProject: com.in28minutes.springboot.basics:springboot-in-10-steps:0.0.1-SNAPSHOT @ C:\Microservices\04-053\springboot-in-10-steps\pom.xml.
2019-05-30 15:24:26,421 [Worker-23: Updating Maven Project] INFO  o.e.m.j.i.AbstractJavaProjectConfigurator - Adding source folder /springboot-in-10-steps/src/main/java
2019-05-30 15:24:26,423 [Worker-23: Updating Maven Project] INFO  o.e.m.j.i.AbstractJavaProjectConfigurator - Adding resource folder /springboot-in-10-steps/src/main/resources
2019-05-30 15:24:26,423 [Worker-23: Updating Maven Project] INFO  o.e.m.j.i.AbstractJavaProjectConfigurator - Adding resource folder /springboot-in-10-steps/src/main/resources
2019-05-30 15:24:26,423 [Worker-23: Updating Maven Project] INFO  o.e.m.j.i.AbstractJavaProjectConfigurator - Adding source folder /springboot-in-10-steps/src/test/java
2019-05-30 15:24:27,574 [Worker-23: Updating Maven Project] INFO  o.e.m.c.i.p.ProjectConfigurationManager - Update completed: 3 sec
2019-05-30 15:25:01,649 [Worker-26: Building workspace] INFO  o.e.m.c.i.l.LifecycleMappingFactory - Using org.eclipse.m2e.jdt.JarLifecycleMapping lifecycle mapping for MavenProject: com.in28minutes.springboot.basics:springboot-in-10-steps:0.0.1-SNAPSHOT @ C:\Microservices\04-053\springboot-in-10-steps\pom.xml.
2019-05-30 15:25:06,282 [Worker-26: Building workspace] INFO  o.e.m.c.i.e.AbstractTransferListenerAdapter - Downloading https://repo.maven.apache.org/maven2/org/springframework/boot/spring-boot-starter-data-jpa/2.1.5.RELEASE/spring-boot-starter-data-jpa-2.1.5.RELEASE.pom
2019-05-30 15:25:06,600 [Worker-26: Building workspace] INFO  o.e.m.c.i.e.AbstractTransferListenerAdapter - Downloaded https://repo.maven.apache.org/maven2/org/springframework/boot/spring-boot-starter-data-jpa/2.1.5.RELEASE/spring-boot-starter-data-jpa-2.1.5.RELEASE.pom
2019-05-30 15:25:07,382 [Worker-26: Building workspace] INFO  o.e.m.c.i.e.AbstractTransferListenerAdapter - Downloading https://repo.maven.apache.org/maven2/org/springframework/boot/spring-boot-starter-jdbc/2.1.5.RELEASE/spring-boot-starter-jdbc-2.1.5.RELEASE.pom
2019-05-30 15:25:07,603 [Worker-26: Building workspace] INFO  o.e.m.c.i.e.AbstractTransferListenerAdapter - Downloaded https://repo.maven.apache.org/maven2/org/springframework/boot/spring-boot-starter-jdbc/2.1.5.RELEASE/spring-boot-starter-jdbc-2.1.5.RELEASE.pom
2019-05-30 15:25:07,838 [Worker-26: Building workspace] INFO  o.e.m.c.i.e.AbstractTransferListenerAdapter - Downloading https://repo.maven.apache.org/maven2/com/zaxxer/HikariCP/3.2.0/HikariCP-3.2.0.pom
2019-05-30 15:25:08,420 [Worker-26: Building workspace] INFO  o.e.m.c.i.e.AbstractTransferListenerAdapter - Downloaded https://repo.maven.apache.org/maven2/com/zaxxer/HikariCP/3.2.0/HikariCP-3.2.0.pom
2019-05-30 15:25:08,624 [Worker-26: Building workspace] INFO  o.e.m.c.i.e.AbstractTransferListenerAdapter - Downloading https://repo.maven.apache.org/maven2/org/springframework/spring-jdbc/5.1.7.RELEASE/spring-jdbc-5.1.7.RELEASE.pom
2019-05-30 15:25:08,865 [Worker-26: Building workspace] INFO  o.e.m.c.i.e.AbstractTransferListenerAdapter - Downloaded https://repo.maven.apache.org/maven2/org/springframework/spring-jdbc/5.1.7.RELEASE/spring-jdbc-5.1.7.RELEASE.pom
2019-05-30 15:25:09,190 [Worker-26: Building workspace] INFO  o.e.m.c.i.e.AbstractTransferListenerAdapter - Downloading https://repo.maven.apache.org/maven2/javax/transaction/javax.transaction-api/1.3/javax.transaction-api-1.3.pom
2019-05-30 15:25:09,426 [Worker-26: Building workspace] INFO  o.e.m.c.i.e.AbstractTransferListenerAdapter - Downloaded https://repo.maven.apache.org/maven2/javax/transaction/javax.transaction-api/1.3/javax.transaction-api-1.3.pom
2019-05-30 15:25:09,633 [Worker-26: Building workspace] INFO  o.e.m.c.i.e.AbstractTransferListenerAdapter - Downloading https://repo.maven.apache.org/maven2/net/java/jvnet-parent/5/jvnet-parent-5.pom
2019-05-30 15:25:09,858 [Worker-26: Building workspace] INFO  o.e.m.c.i.e.AbstractTransferListenerAdapter - Downloaded https://repo.maven.apache.org/maven2/net/java/jvnet-parent/5/jvnet-parent-5.pom
2019-05-30 15:25:10,378 [Worker-26: Building workspace] INFO  o.e.m.c.i.e.AbstractTransferListenerAdapter - Downloading https://repo.maven.apache.org/maven2/javax/xml/bind/jaxb-api/2.3.1/jaxb-api-2.3.1.pom
2019-05-30 15:25:10,701 [Worker-26: Building workspace] INFO  o.e.m.c.i.e.AbstractTransferListenerAdapter - Downloaded https://repo.maven.apache.org/maven2/javax/xml/bind/jaxb-api/2.3.1/jaxb-api-2.3.1.pom
2019-05-30 15:25:10,922 [Worker-26: Building workspace] INFO  o.e.m.c.i.e.AbstractTransferListenerAdapter - Downloading https://repo.maven.apache.org/maven2/javax/xml/bind/jaxb-api-parent/2.3.1/jaxb-api-parent-2.3.1.pom
2019-05-30 15:25:11,142 [Worker-26: Building workspace] INFO  o.e.m.c.i.e.AbstractTransferListenerAdapter - Downloaded https://repo.maven.apache.org/maven2/javax/xml/bind/jaxb-api-parent/2.3.1/jaxb-api-parent-2.3.1.pom
2019-05-30 15:25:11,404 [Worker-26: Building workspace] INFO  o.e.m.c.i.e.AbstractTransferListenerAdapter - Downloading https://repo.maven.apache.org/maven2/javax/activation/javax.activation-api/1.2.0/javax.activation-api-1.2.0.pom
2019-05-30 15:25:11,650 [Worker-26: Building workspace] INFO  o.e.m.c.i.e.AbstractTransferListenerAdapter - Downloaded https://repo.maven.apache.org/maven2/javax/activation/javax.activation-api/1.2.0/javax.activation-api-1.2.0.pom
2019-05-30 15:25:13,172 [Worker-26: Building workspace] INFO  o.e.m.c.i.e.AbstractTransferListenerAdapter - Downloading https://repo.maven.apache.org/maven2/com/sun/activation/all/1.2.0/all-1.2.0.pom
2019-05-30 15:25:13,500 [Worker-26: Building workspace] INFO  o.e.m.c.i.e.AbstractTransferListenerAdapter - Downloaded https://repo.maven.apache.org/maven2/com/sun/activation/all/1.2.0/all-1.2.0.pom
2019-05-30 15:25:13,698 [Worker-26: Building workspace] INFO  o.e.m.c.i.e.AbstractTransferListenerAdapter - Downloading https://repo.maven.apache.org/maven2/net/java/jvnet-parent/1/jvnet-parent-1.pom
2019-05-30 15:25:14,438 [Worker-26: Building workspace] INFO  o.e.m.c.i.e.AbstractTransferListenerAdapter - Downloaded https://repo.maven.apache.org/maven2/net/java/jvnet-parent/1/jvnet-parent-1.pom
2019-05-30 15:25:14,803 [Worker-26: Building workspace] INFO  o.e.m.c.i.e.AbstractTransferListenerAdapter - Downloading https://repo.maven.apache.org/maven2/org/hibernate/hibernate-core/5.3.10.Final/hibernate-core-5.3.10.Final.pom
2019-05-30 15:25:15,026 [Worker-26: Building workspace] INFO  o.e.m.c.i.e.AbstractTransferListenerAdapter - Downloaded https://repo.maven.apache.org/maven2/org/hibernate/hibernate-core/5.3.10.Final/hibernate-core-5.3.10.Final.pom
2019-05-30 15:25:15,303 [Worker-26: Building workspace] INFO  o.e.m.c.i.e.AbstractTransferListenerAdapter - Downloading https://repo.maven.apache.org/maven2/javax/persistence/javax.persistence-api/2.2/javax.persistence-api-2.2.pom
2019-05-30 15:25:15,558 [Worker-26: Building workspace] INFO  o.e.m.c.i.e.AbstractTransferListenerAdapter - Downloaded https://repo.maven.apache.org/maven2/javax/persistence/javax.persistence-api/2.2/javax.persistence-api-2.2.pom
2019-05-30 15:25:15,822 [Worker-26: Building workspace] INFO  o.e.m.c.i.e.AbstractTransferListenerAdapter - Downloading https://repo.maven.apache.org/maven2/org/javassist/javassist/3.23.2-GA/javassist-3.23.2-GA.pom
2019-05-30 15:25:16,118 [Worker-26: Building workspace] INFO  o.e.m.c.i.e.AbstractTransferListenerAdapter - Downloaded https://repo.maven.apache.org/maven2/org/javassist/javassist/3.23.2-GA/javassist-3.23.2-GA.pom
2019-05-30 15:25:16,803 [Worker-26: Building workspace] INFO  o.e.m.c.i.e.AbstractTransferListenerAdapter - Downloading https://repo.maven.apache.org/maven2/org/hibernate/common/hibernate-commons-annotations/5.0.4.Final/hibernate-commons-annotations-5.0.4.Final.pom
2019-05-30 15:25:17,353 [Worker-26: Building workspace] INFO  o.e.m.c.i.e.AbstractTransferListenerAdapter - Downloaded https://repo.maven.apache.org/maven2/org/hibernate/common/hibernate-commons-annotations/5.0.4.Final/hibernate-commons-annotations-5.0.4.Final.pom
2019-05-30 15:25:17,774 [Worker-26: Building workspace] INFO  o.e.m.c.i.e.AbstractTransferListenerAdapter - Downloading https://repo.maven.apache.org/maven2/org/springframework/data/spring-data-jpa/2.1.8.RELEASE/spring-data-jpa-2.1.8.RELEASE.pom
2019-05-30 15:25:18,387 [Worker-26: Building workspace] INFO  o.e.m.c.i.e.AbstractTransferListenerAdapter - Downloaded https://repo.maven.apache.org/maven2/org/springframework/data/spring-data-jpa/2.1.8.RELEASE/spring-data-jpa-2.1.8.RELEASE.pom
2019-05-30 15:25:18,619 [Worker-26: Building workspace] INFO  o.e.m.c.i.e.AbstractTransferListenerAdapter - Downloading https://repo.maven.apache.org/maven2/org/springframework/data/build/spring-data-parent/2.1.8.RELEASE/spring-data-parent-2.1.8.RELEASE.pom
2019-05-30 15:25:19,413 [Worker-26: Building workspace] INFO  o.e.m.c.i.e.AbstractTransferListenerAdapter - Downloaded https://repo.maven.apache.org/maven2/org/springframework/data/build/spring-data-parent/2.1.8.RELEASE/spring-data-parent-2.1.8.RELEASE.pom
2019-05-30 15:25:19,602 [Worker-26: Building workspace] INFO  o.e.m.c.i.e.AbstractTransferListenerAdapter - Downloading https://repo.maven.apache.org/maven2/io/projectreactor/reactor-bom/Californium-SR6/reactor-bom-Californium-SR6.pom
2019-05-30 15:25:19,807 [Worker-26: Building workspace] INFO  o.e.m.c.i.e.AbstractTransferListenerAdapter - Downloaded https://repo.maven.apache.org/maven2/io/projectreactor/reactor-bom/Californium-SR6/reactor-bom-Californium-SR6.pom
2019-05-30 15:25:19,996 [Worker-26: Building workspace] INFO  o.e.m.c.i.e.AbstractTransferListenerAdapter - Downloading https://repo.maven.apache.org/maven2/org/springframework/data/spring-data-commons/2.1.8.RELEASE/spring-data-commons-2.1.8.RELEASE.pom
2019-05-30 15:25:20,280 [Worker-26: Building workspace] INFO  o.e.m.c.i.e.AbstractTransferListenerAdapter - Downloaded https://repo.maven.apache.org/maven2/org/springframework/data/spring-data-commons/2.1.8.RELEASE/spring-data-commons-2.1.8.RELEASE.pom
2019-05-30 15:25:20,479 [Worker-26: Building workspace] INFO  o.e.m.c.i.e.AbstractTransferListenerAdapter - Downloading https://repo.maven.apache.org/maven2/org/springframework/spring-orm/5.1.7.RELEASE/spring-orm-5.1.7.RELEASE.pom
2019-05-30 15:25:20,687 [Worker-26: Building workspace] INFO  o.e.m.c.i.e.AbstractTransferListenerAdapter - Downloaded https://repo.maven.apache.org/maven2/org/springframework/spring-orm/5.1.7.RELEASE/spring-orm-5.1.7.RELEASE.pom
2019-05-30 15:25:21,208 [Worker-26: Building workspace] INFO  o.e.m.c.i.e.AbstractTransferListenerAdapter - Downloading https://repo.maven.apache.org/maven2/org/springframework/spring-aspects/5.1.7.RELEASE/spring-aspects-5.1.7.RELEASE.pom
2019-05-30 15:25:21,432 [Worker-26: Building workspace] INFO  o.e.m.c.i.e.AbstractTransferListenerAdapter - Downloaded https://repo.maven.apache.org/maven2/org/springframework/spring-aspects/5.1.7.RELEASE/spring-aspects-5.1.7.RELEASE.pom
2019-05-30 15:25:22,717 [Worker-26: Building workspace] INFO  o.e.m.c.i.e.AbstractTransferListenerAdapter - Downloading https://repo.maven.apache.org/maven2/org/springframework/boot/spring-boot-starter-data-jpa/2.1.5.RELEASE/spring-boot-starter-data-jpa-2.1.5.RELEASE.jar
2019-05-30 15:25:22,921 [Worker-26: Building workspace] INFO  o.e.m.c.i.e.AbstractTransferListenerAdapter - Downloaded https://repo.maven.apache.org/maven2/org/springframework/boot/spring-boot-starter-data-jpa/2.1.5.RELEASE/spring-boot-starter-data-jpa-2.1.5.RELEASE.jar
2019-05-30 15:25:23,407 [Worker-26: Building workspace] INFO  o.e.m.c.i.e.AbstractTransferListenerAdapter - Downloading https://repo.maven.apache.org/maven2/org/springframework/boot/spring-boot-starter-jdbc/2.1.5.RELEASE/spring-boot-starter-jdbc-2.1.5.RELEASE.jar
2019-05-30 15:25:23,587 [Worker-26: Building workspace] INFO  o.e.m.c.i.e.AbstractTransferListenerAdapter - Downloaded https://repo.maven.apache.org/maven2/org/springframework/boot/spring-boot-starter-jdbc/2.1.5.RELEASE/spring-boot-starter-jdbc-2.1.5.RELEASE.jar
2019-05-30 15:25:23,754 [Worker-26: Building workspace] INFO  o.e.m.c.i.e.AbstractTransferListenerAdapter - Downloading https://repo.maven.apache.org/maven2/com/zaxxer/HikariCP/3.2.0/HikariCP-3.2.0.jar
2019-05-30 15:25:25,576 [Worker-26: Building workspace] INFO  o.e.m.c.i.e.AbstractTransferListenerAdapter - Downloaded https://repo.maven.apache.org/maven2/com/zaxxer/HikariCP/3.2.0/HikariCP-3.2.0.jar
2019-05-30 15:25:25,750 [Worker-26: Building workspace] INFO  o.e.m.c.i.e.AbstractTransferListenerAdapter - Downloading https://repo.maven.apache.org/maven2/org/springframework/spring-jdbc/5.1.7.RELEASE/spring-jdbc-5.1.7.RELEASE.jar
2019-05-30 15:25:29,479 [Worker-26: Building workspace] INFO  o.e.m.c.i.e.AbstractTransferListenerAdapter - Downloaded https://repo.maven.apache.org/maven2/org/springframework/spring-jdbc/5.1.7.RELEASE/spring-jdbc-5.1.7.RELEASE.jar
2019-05-30 15:25:29,643 [Worker-26: Building workspace] INFO  o.e.m.c.i.e.AbstractTransferListenerAdapter - Downloading https://repo.maven.apache.org/maven2/javax/transaction/javax.transaction-api/1.3/javax.transaction-api-1.3.jar
2019-05-30 15:25:30,328 [Worker-26: Building workspace] INFO  o.e.m.c.i.e.AbstractTransferListenerAdapter - Downloaded https://repo.maven.apache.org/maven2/javax/transaction/javax.transaction-api/1.3/javax.transaction-api-1.3.jar
2019-05-30 15:25:30,528 [Worker-26: Building workspace] INFO  o.e.m.c.i.e.AbstractTransferListenerAdapter - Downloading https://repo.maven.apache.org/maven2/javax/xml/bind/jaxb-api/2.3.1/jaxb-api-2.3.1.jar
2019-05-30 15:25:31,696 [Worker-26: Building workspace] INFO  o.e.m.c.i.e.AbstractTransferListenerAdapter - Downloaded https://repo.maven.apache.org/maven2/javax/xml/bind/jaxb-api/2.3.1/jaxb-api-2.3.1.jar
2019-05-30 15:25:31,907 [Worker-26: Building workspace] INFO  o.e.m.c.i.e.AbstractTransferListenerAdapter - Downloading https://repo.maven.apache.org/maven2/javax/activation/javax.activation-api/1.2.0/javax.activation-api-1.2.0.jar
2019-05-30 15:25:32,447 [Worker-26: Building workspace] INFO  o.e.m.c.i.e.AbstractTransferListenerAdapter - Downloaded https://repo.maven.apache.org/maven2/javax/activation/javax.activation-api/1.2.0/javax.activation-api-1.2.0.jar
2019-05-30 15:25:32,630 [Worker-26: Building workspace] INFO  o.e.m.c.i.e.AbstractTransferListenerAdapter - Downloading https://repo.maven.apache.org/maven2/org/hibernate/hibernate-core/5.3.10.Final/hibernate-core-5.3.10.Final.jar
2019-05-30 15:26:24,412 [Worker-26: Building workspace] INFO  o.e.m.c.i.e.AbstractTransferListenerAdapter - Downloaded https://repo.maven.apache.org/maven2/org/hibernate/hibernate-core/5.3.10.Final/hibernate-core-5.3.10.Final.jar
2019-05-30 15:26:24,590 [Worker-26: Building workspace] INFO  o.e.m.c.i.e.AbstractTransferListenerAdapter - Downloading https://repo.maven.apache.org/maven2/javax/persistence/javax.persistence-api/2.2/javax.persistence-api-2.2.jar
2019-05-30 15:26:25,459 [Worker-26: Building workspace] INFO  o.e.m.c.i.e.AbstractTransferListenerAdapter - Downloaded https://repo.maven.apache.org/maven2/javax/persistence/javax.persistence-api/2.2/javax.persistence-api-2.2.jar
2019-05-30 15:26:25,661 [Worker-26: Building workspace] INFO  o.e.m.c.i.e.AbstractTransferListenerAdapter - Downloading https://repo.maven.apache.org/maven2/org/javassist/javassist/3.23.2-GA/javassist-3.23.2-GA.jar
2019-05-30 15:26:28,825 [Worker-26: Building workspace] INFO  o.e.m.c.i.e.AbstractTransferListenerAdapter - Downloaded https://repo.maven.apache.org/maven2/org/javassist/javassist/3.23.2-GA/javassist-3.23.2-GA.jar
2019-05-30 15:26:29,018 [Worker-26: Building workspace] INFO  o.e.m.c.i.e.AbstractTransferListenerAdapter - Downloading https://repo.maven.apache.org/maven2/org/hibernate/common/hibernate-commons-annotations/5.0.4.Final/hibernate-commons-annotations-5.0.4.Final.jar
2019-05-30 15:26:29,403 [Worker-26: Building workspace] INFO  o.e.m.c.i.e.AbstractTransferListenerAdapter - Downloaded https://repo.maven.apache.org/maven2/org/hibernate/common/hibernate-commons-annotations/5.0.4.Final/hibernate-commons-annotations-5.0.4.Final.jar
2019-05-30 15:26:29,594 [Worker-26: Building workspace] INFO  o.e.m.c.i.e.AbstractTransferListenerAdapter - Downloading https://repo.maven.apache.org/maven2/org/springframework/data/spring-data-jpa/2.1.8.RELEASE/spring-data-jpa-2.1.8.RELEASE.jar
2019-05-30 15:26:31,336 [Worker-26: Building workspace] INFO  o.e.m.c.i.e.AbstractTransferListenerAdapter - Downloaded https://repo.maven.apache.org/maven2/org/springframework/data/spring-data-jpa/2.1.8.RELEASE/spring-data-jpa-2.1.8.RELEASE.jar
2019-05-30 15:26:31,525 [Worker-26: Building workspace] INFO  o.e.m.c.i.e.AbstractTransferListenerAdapter - Downloading https://repo.maven.apache.org/maven2/org/springframework/data/spring-data-commons/2.1.8.RELEASE/spring-data-commons-2.1.8.RELEASE.jar
2019-05-30 15:26:41,463 [Worker-26: Building workspace] INFO  o.e.m.c.i.e.AbstractTransferListenerAdapter - Downloaded https://repo.maven.apache.org/maven2/org/springframework/data/spring-data-commons/2.1.8.RELEASE/spring-data-commons-2.1.8.RELEASE.jar
2019-05-30 15:26:41,645 [Worker-26: Building workspace] INFO  o.e.m.c.i.e.AbstractTransferListenerAdapter - Downloading https://repo.maven.apache.org/maven2/org/springframework/spring-orm/5.1.7.RELEASE/spring-orm-5.1.7.RELEASE.jar
2019-05-30 15:26:42,129 [Worker-26: Building workspace] INFO  o.e.m.c.i.e.AbstractTransferListenerAdapter - Downloaded https://repo.maven.apache.org/maven2/org/springframework/spring-orm/5.1.7.RELEASE/spring-orm-5.1.7.RELEASE.jar
2019-05-30 15:26:42,326 [Worker-26: Building workspace] INFO  o.e.m.c.i.e.AbstractTransferListenerAdapter - Downloading https://repo.maven.apache.org/maven2/org/springframework/spring-aspects/5.1.7.RELEASE/spring-aspects-5.1.7.RELEASE.jar
2019-05-30 15:26:42,524 [Worker-26: Building workspace] INFO  o.e.m.c.i.e.AbstractTransferListenerAdapter - Downloaded https://repo.maven.apache.org/maven2/org/springframework/spring-aspects/5.1.7.RELEASE/spring-aspects-5.1.7.RELEASE.jar
2019-05-30 15:26:48,556 [Worker-26: Building workspace] INFO  o.e.m.c.i.embedder.EclipseLogger - Using 'UTF-8' encoding to copy filtered resources.
2019-05-30 15:26:48,563 [Worker-26: Building workspace] INFO  o.e.m.c.i.embedder.EclipseLogger - Copying 0 resource
2019-05-30 15:26:48,563 [Worker-26: Building workspace] INFO  o.e.m.c.i.embedder.EclipseLogger - Copying 0 resource
2019-05-30 15:26:48,567 [Worker-26: Building workspace] INFO  o.e.m.c.i.embedder.EclipseLogger - Using 'UTF-8' encoding to copy filtered resources.
2019-05-30 15:26:48,567 [Worker-26: Building workspace] INFO  o.e.m.c.i.embedder.EclipseLogger - skip non existing resourceDirectory C:\Microservices\04-053\springboot-in-10-steps\src\test\resources
2019-05-30 15:26:50,767 [Worker-23: Download sources and javadoc] INFO  o.e.m.c.i.e.AbstractTransferListenerAdapter - Downloaded https://repo.maven.apache.org/maven2/org/springframework/boot/spring-boot-starter-data-jpa/2.1.5.RELEASE/spring-boot-starter-data-jpa-2.1.5.RELEASE-sources.jar
2019-05-30 15:26:51,097 [Worker-23: Download sources and javadoc] ERROR o.e.m.j.internal.DownloadSourcesJob - Could not download sources for org.springframework.boot:spring-boot-starter-data-jpa:2.1.5.RELEASE
org.eclipse.core.runtime.CoreException: Could not resolve artifact org.springframework.boot:spring-boot-starter-data-jpa:jar:sources:2.1.5.RELEASE
	at org.eclipse.m2e.core.internal.embedder.MavenImpl.lambda$4(MavenImpl.java:763) [org.eclipse.m2e.core_1.11.0.20190220-2119.jar:na]
	at org.eclipse.m2e.core.internal.embedder.MavenExecutionContext.executeBare(MavenExecutionContext.java:177) [org.eclipse.m2e.core_1.11.0.20190220-2119.jar:na]
	at org.eclipse.m2e.core.internal.embedder.MavenExecutionContext.execute(MavenExecutionContext.java:112) [org.eclipse.m2e.core_1.11.0.20190220-2119.jar:na]
	at org.eclipse.m2e.core.internal.embedder.MavenExecutionContext.execute(MavenExecutionContext.java:99) [org.eclipse.m2e.core_1.11.0.20190220-2119.jar:na]
	at org.eclipse.m2e.core.internal.embedder.MavenImpl.resolve(MavenImpl.java:731) [org.eclipse.m2e.core_1.11.0.20190220-2119.jar:na]
	at org.eclipse.m2e.core.internal.embedder.MavenImpl.resolve(MavenImpl.java:708) [org.eclipse.m2e.core_1.11.0.20190220-2119.jar:na]
	at org.eclipse.m2e.jdt.internal.DownloadSourcesJob.download(DownloadSourcesJob.java:279) [org.eclipse.m2e.jdt_1.11.0.20190220-2119.jar:na]
	at org.eclipse.m2e.jdt.internal.DownloadSourcesJob.downloadAttachments(DownloadSourcesJob.java:254) [org.eclipse.m2e.jdt_1.11.0.20190220-2119.jar:na]
	at org.eclipse.m2e.jdt.internal.DownloadSourcesJob.downloadMaven(DownloadSourcesJob.java:221) [org.eclipse.m2e.jdt_1.11.0.20190220-2119.jar:na]
	at org.eclipse.m2e.jdt.internal.DownloadSourcesJob.run(DownloadSourcesJob.java:161) [org.eclipse.m2e.jdt_1.11.0.20190220-2119.jar:na]
	at org.eclipse.m2e.jdt.internal.DownloadSourcesJob$1.call(DownloadSourcesJob.java:137) [org.eclipse.m2e.jdt_1.11.0.20190220-2119.jar:na]
	at org.eclipse.m2e.jdt.internal.DownloadSourcesJob$1.call(DownloadSourcesJob.java:1) [org.eclipse.m2e.jdt_1.11.0.20190220-2119.jar:na]
	at org.eclipse.m2e.core.internal.embedder.MavenExecutionContext.executeBare(MavenExecutionContext.java:177) [org.eclipse.m2e.core_1.11.0.20190220-2119.jar:na]
	at org.eclipse.m2e.core.internal.embedder.MavenExecutionContext.execute(MavenExecutionContext.java:151) [org.eclipse.m2e.core_1.11.0.20190220-2119.jar:na]
	at org.eclipse.m2e.core.internal.embedder.MavenExecutionContext.execute(MavenExecutionContext.java:99) [org.eclipse.m2e.core_1.11.0.20190220-2119.jar:na]
	at org.eclipse.m2e.core.internal.embedder.MavenImpl.execute(MavenImpl.java:1336) [org.eclipse.m2e.core_1.11.0.20190220-2119.jar:na]
	at org.eclipse.m2e.jdt.internal.DownloadSourcesJob.run(DownloadSourcesJob.java:135) [org.eclipse.m2e.jdt_1.11.0.20190220-2119.jar:na]
	at org.eclipse.core.internal.jobs.Worker.run(Worker.java:63) [org.eclipse.core.jobs_3.10.300.v20190215-2048.jar:na]
2019-05-30 15:26:51,172 [Worker-17: Building workspace] INFO  o.e.m.c.i.embedder.EclipseLogger - Using 'UTF-8' encoding to copy filtered resources.
2019-05-30 15:26:51,174 [Worker-17: Building workspace] INFO  o.e.m.c.i.embedder.EclipseLogger - Copying 1 resource
2019-05-30 15:26:51,193 [Worker-17: Building workspace] INFO  o.e.m.c.i.embedder.EclipseLogger - Copying 0 resource
2019-05-30 15:26:51,196 [Worker-17: Building workspace] INFO  o.e.m.c.i.embedder.EclipseLogger - Using 'UTF-8' encoding to copy filtered resources.
2019-05-30 15:26:51,196 [Worker-17: Building workspace] INFO  o.e.m.c.i.embedder.EclipseLogger - skip non existing resourceDirectory C:\Microservices\04-053\springboot-in-10-steps\src\test\resources
2019-05-30 15:26:51,306 [Worker-23: Download sources and javadoc] INFO  o.e.m.c.i.e.AbstractTransferListenerAdapter - Downloaded https://repo.maven.apache.org/maven2/org/springframework/boot/spring-boot-starter-jdbc/2.1.5.RELEASE/spring-boot-starter-jdbc-2.1.5.RELEASE-sources.jar
2019-05-30 15:26:51,309 [Worker-23: Download sources and javadoc] ERROR o.e.m.j.internal.DownloadSourcesJob - Could not download sources for org.springframework.boot:spring-boot-starter-jdbc:2.1.5.RELEASE
org.eclipse.core.runtime.CoreException: Could not resolve artifact org.springframework.boot:spring-boot-starter-jdbc:jar:sources:2.1.5.RELEASE
	at org.eclipse.m2e.core.internal.embedder.MavenImpl.lambda$4(MavenImpl.java:763) [org.eclipse.m2e.core_1.11.0.20190220-2119.jar:na]
	at org.eclipse.m2e.core.internal.embedder.MavenExecutionContext.executeBare(MavenExecutionContext.java:177) [org.eclipse.m2e.core_1.11.0.20190220-2119.jar:na]
	at org.eclipse.m2e.core.internal.embedder.MavenExecutionContext.execute(MavenExecutionContext.java:112) [org.eclipse.m2e.core_1.11.0.20190220-2119.jar:na]
	at org.eclipse.m2e.core.internal.embedder.MavenExecutionContext.execute(MavenExecutionContext.java:99) [org.eclipse.m2e.core_1.11.0.20190220-2119.jar:na]
	at org.eclipse.m2e.core.internal.embedder.MavenImpl.resolve(MavenImpl.java:731) [org.eclipse.m2e.core_1.11.0.20190220-2119.jar:na]
	at org.eclipse.m2e.core.internal.embedder.MavenImpl.resolve(MavenImpl.java:708) [org.eclipse.m2e.core_1.11.0.20190220-2119.jar:na]
	at org.eclipse.m2e.jdt.internal.DownloadSourcesJob.download(DownloadSourcesJob.java:279) [org.eclipse.m2e.jdt_1.11.0.20190220-2119.jar:na]
	at org.eclipse.m2e.jdt.internal.DownloadSourcesJob.downloadAttachments(DownloadSourcesJob.java:254) [org.eclipse.m2e.jdt_1.11.0.20190220-2119.jar:na]
	at org.eclipse.m2e.jdt.internal.DownloadSourcesJob.downloadMaven(DownloadSourcesJob.java:221) [org.eclipse.m2e.jdt_1.11.0.20190220-2119.jar:na]
	at org.eclipse.m2e.jdt.internal.DownloadSourcesJob.run(DownloadSourcesJob.java:161) [org.eclipse.m2e.jdt_1.11.0.20190220-2119.jar:na]
	at org.eclipse.m2e.jdt.internal.DownloadSourcesJob$1.call(DownloadSourcesJob.java:137) [org.eclipse.m2e.jdt_1.11.0.20190220-2119.jar:na]
	at org.eclipse.m2e.jdt.internal.DownloadSourcesJob$1.call(DownloadSourcesJob.java:1) [org.eclipse.m2e.jdt_1.11.0.20190220-2119.jar:na]
	at org.eclipse.m2e.core.internal.embedder.MavenExecutionContext.executeBare(MavenExecutionContext.java:177) [org.eclipse.m2e.core_1.11.0.20190220-2119.jar:na]
	at org.eclipse.m2e.core.internal.embedder.MavenExecutionContext.execute(MavenExecutionContext.java:151) [org.eclipse.m2e.core_1.11.0.20190220-2119.jar:na]
	at org.eclipse.m2e.core.internal.embedder.MavenExecutionContext.execute(MavenExecutionContext.java:99) [org.eclipse.m2e.core_1.11.0.20190220-2119.jar:na]
	at org.eclipse.m2e.core.internal.embedder.MavenImpl.execute(MavenImpl.java:1336) [org.eclipse.m2e.core_1.11.0.20190220-2119.jar:na]
	at org.eclipse.m2e.jdt.internal.DownloadSourcesJob.run(DownloadSourcesJob.java:135) [org.eclipse.m2e.jdt_1.11.0.20190220-2119.jar:na]
	at org.eclipse.core.internal.jobs.Worker.run(Worker.java:63) [org.eclipse.core.jobs_3.10.300.v20190215-2048.jar:na]
2019-05-30 15:26:51,522 [Worker-23: Download sources and javadoc] INFO  o.e.m.c.i.e.AbstractTransferListenerAdapter - Downloading https://repo.maven.apache.org/maven2/com/zaxxer/HikariCP/3.2.0/HikariCP-3.2.0-sources.jar
2019-05-30 15:26:52,708 [Worker-23: Download sources and javadoc] INFO  o.e.m.c.i.e.AbstractTransferListenerAdapter - Downloaded https://repo.maven.apache.org/maven2/com/zaxxer/HikariCP/3.2.0/HikariCP-3.2.0-sources.jar
2019-05-30 15:26:53,402 [Worker-23: Download sources and javadoc] INFO  o.e.m.j.internal.DownloadSourcesJob - Downloaded sources for com.zaxxer:HikariCP:3.2.0
2019-05-30 15:26:53,674 [Worker-23: Download sources and javadoc] INFO  o.e.m.c.i.e.AbstractTransferListenerAdapter - Downloading https://repo.maven.apache.org/maven2/org/springframework/spring-jdbc/5.1.7.RELEASE/spring-jdbc-5.1.7.RELEASE-sources.jar
2019-05-30 15:26:55,361 [Worker-23: Download sources and javadoc] INFO  o.e.m.c.i.e.AbstractTransferListenerAdapter - Downloaded https://repo.maven.apache.org/maven2/org/springframework/spring-jdbc/5.1.7.RELEASE/spring-jdbc-5.1.7.RELEASE-sources.jar
2019-05-30 15:26:55,589 [Worker-23: Download sources and javadoc] INFO  o.e.m.j.internal.DownloadSourcesJob - Downloaded sources for org.springframework:spring-jdbc:5.1.7.RELEASE
2019-05-30 15:26:55,770 [Worker-23: Download sources and javadoc] INFO  o.e.m.c.i.e.AbstractTransferListenerAdapter - Downloading https://repo.maven.apache.org/maven2/javax/transaction/javax.transaction-api/1.3/javax.transaction-api-1.3-sources.jar
2019-05-30 15:26:56,674 [Worker-23: Download sources and javadoc] INFO  o.e.m.c.i.e.AbstractTransferListenerAdapter - Downloaded https://repo.maven.apache.org/maven2/javax/transaction/javax.transaction-api/1.3/javax.transaction-api-1.3-sources.jar
2019-05-30 15:26:56,814 [Worker-23: Download sources and javadoc] INFO  o.e.m.j.internal.DownloadSourcesJob - Downloaded sources for javax.transaction:javax.transaction-api:1.3
2019-05-30 15:26:57,023 [Worker-23: Download sources and javadoc] INFO  o.e.m.c.i.e.AbstractTransferListenerAdapter - Downloading https://repo.maven.apache.org/maven2/javax/xml/bind/jaxb-api/2.3.1/jaxb-api-2.3.1-sources.jar
2019-05-30 15:26:57,613 [Worker-23: Download sources and javadoc] INFO  o.e.m.c.i.e.AbstractTransferListenerAdapter - Downloaded https://repo.maven.apache.org/maven2/javax/xml/bind/jaxb-api/2.3.1/jaxb-api-2.3.1-sources.jar
2019-05-30 15:26:57,866 [Worker-23: Download sources and javadoc] INFO  o.e.m.j.internal.DownloadSourcesJob - Downloaded sources for javax.xml.bind:jaxb-api:2.3.1
2019-05-30 15:26:58,064 [Worker-23: Download sources and javadoc] INFO  o.e.m.c.i.e.AbstractTransferListenerAdapter - Downloading https://repo.maven.apache.org/maven2/javax/activation/javax.activation-api/1.2.0/javax.activation-api-1.2.0-sources.jar
2019-05-30 15:26:58,309 [Worker-23: Download sources and javadoc] INFO  o.e.m.c.i.e.AbstractTransferListenerAdapter - Downloaded https://repo.maven.apache.org/maven2/javax/activation/javax.activation-api/1.2.0/javax.activation-api-1.2.0-sources.jar
2019-05-30 15:26:58,650 [Worker-23: Download sources and javadoc] INFO  o.e.m.j.internal.DownloadSourcesJob - Downloaded sources for javax.activation:javax.activation-api:1.2.0
2019-05-30 15:26:58,894 [Worker-23: Download sources and javadoc] INFO  o.e.m.c.i.e.AbstractTransferListenerAdapter - Downloading https://repo.maven.apache.org/maven2/org/hibernate/hibernate-core/5.3.10.Final/hibernate-core-5.3.10.Final-sources.jar
2019-05-30 15:27:37,089 [Worker-23: Download sources and javadoc] INFO  o.e.m.c.i.e.AbstractTransferListenerAdapter - Downloaded https://repo.maven.apache.org/maven2/org/hibernate/hibernate-core/5.3.10.Final/hibernate-core-5.3.10.Final-sources.jar
2019-05-30 15:27:37,431 [Worker-23: Download sources and javadoc] INFO  o.e.m.j.internal.DownloadSourcesJob - Downloaded sources for org.hibernate:hibernate-core:5.3.10.Final
2019-05-30 15:27:37,625 [Worker-23: Download sources and javadoc] INFO  o.e.m.c.i.e.AbstractTransferListenerAdapter - Downloading https://repo.maven.apache.org/maven2/javax/persistence/javax.persistence-api/2.2/javax.persistence-api-2.2-sources.jar
2019-05-30 15:27:38,784 [Worker-23: Download sources and javadoc] INFO  o.e.m.c.i.e.AbstractTransferListenerAdapter - Downloaded https://repo.maven.apache.org/maven2/javax/persistence/javax.persistence-api/2.2/javax.persistence-api-2.2-sources.jar
2019-05-30 15:27:39,017 [Worker-23: Download sources and javadoc] INFO  o.e.m.j.internal.DownloadSourcesJob - Downloaded sources for javax.persistence:javax.persistence-api:2.2
2019-05-30 15:27:39,226 [Worker-23: Download sources and javadoc] INFO  o.e.m.c.i.e.AbstractTransferListenerAdapter - Downloading https://repo.maven.apache.org/maven2/org/javassist/javassist/3.23.2-GA/javassist-3.23.2-GA-sources.jar
2019-05-30 15:27:41,474 [Worker-23: Download sources and javadoc] INFO  o.e.m.c.i.e.AbstractTransferListenerAdapter - Downloaded https://repo.maven.apache.org/maven2/org/javassist/javassist/3.23.2-GA/javassist-3.23.2-GA-sources.jar
2019-05-30 15:27:41,991 [Worker-23: Download sources and javadoc] INFO  o.e.m.j.internal.DownloadSourcesJob - Downloaded sources for org.javassist:javassist:3.23.2-GA
2019-05-30 15:27:42,195 [Worker-23: Download sources and javadoc] INFO  o.e.m.c.i.e.AbstractTransferListenerAdapter - Downloading https://repo.maven.apache.org/maven2/org/hibernate/common/hibernate-commons-annotations/5.0.4.Final/hibernate-commons-annotations-5.0.4.Final-sources.jar
2019-05-30 15:27:42,527 [Worker-23: Download sources and javadoc] INFO  o.e.m.c.i.e.AbstractTransferListenerAdapter - Downloaded https://repo.maven.apache.org/maven2/org/hibernate/common/hibernate-commons-annotations/5.0.4.Final/hibernate-commons-annotations-5.0.4.Final-sources.jar
2019-05-30 15:27:42,884 [Worker-23: Download sources and javadoc] INFO  o.e.m.j.internal.DownloadSourcesJob - Downloaded sources for org.hibernate.common:hibernate-commons-annotations:5.0.4.Final
2019-05-30 15:27:43,107 [Worker-23: Download sources and javadoc] INFO  o.e.m.c.i.e.AbstractTransferListenerAdapter - Downloading https://repo.maven.apache.org/maven2/org/springframework/data/spring-data-jpa/2.1.8.RELEASE/spring-data-jpa-2.1.8.RELEASE-sources.jar
2019-05-30 15:27:43,980 [Worker-23: Download sources and javadoc] INFO  o.e.m.c.i.e.AbstractTransferListenerAdapter - Downloaded https://repo.maven.apache.org/maven2/org/springframework/data/spring-data-jpa/2.1.8.RELEASE/spring-data-jpa-2.1.8.RELEASE-sources.jar
2019-05-30 15:27:44,259 [Worker-23: Download sources and javadoc] INFO  o.e.m.j.internal.DownloadSourcesJob - Downloaded sources for org.springframework.data:spring-data-jpa:2.1.8.RELEASE
2019-05-30 15:27:44,470 [Worker-23: Download sources and javadoc] INFO  o.e.m.c.i.e.AbstractTransferListenerAdapter - Downloading https://repo.maven.apache.org/maven2/org/springframework/data/spring-data-commons/2.1.8.RELEASE/spring-data-commons-2.1.8.RELEASE-sources.jar
2019-05-30 15:27:53,103 [Worker-23: Download sources and javadoc] INFO  o.e.m.c.i.e.AbstractTransferListenerAdapter - Downloaded https://repo.maven.apache.org/maven2/org/springframework/data/spring-data-commons/2.1.8.RELEASE/spring-data-commons-2.1.8.RELEASE-sources.jar
2019-05-30 15:27:53,327 [Worker-23: Download sources and javadoc] INFO  o.e.m.j.internal.DownloadSourcesJob - Downloaded sources for org.springframework.data:spring-data-commons:2.1.8.RELEASE
2019-05-30 15:27:53,536 [Worker-23: Download sources and javadoc] INFO  o.e.m.c.i.e.AbstractTransferListenerAdapter - Downloading https://repo.maven.apache.org/maven2/org/springframework/spring-orm/5.1.7.RELEASE/spring-orm-5.1.7.RELEASE-sources.jar
2019-05-30 15:27:54,117 [Worker-23: Download sources and javadoc] INFO  o.e.m.c.i.e.AbstractTransferListenerAdapter - Downloaded https://repo.maven.apache.org/maven2/org/springframework/spring-orm/5.1.7.RELEASE/spring-orm-5.1.7.RELEASE-sources.jar
2019-05-30 15:27:54,336 [Worker-23: Download sources and javadoc] INFO  o.e.m.j.internal.DownloadSourcesJob - Downloaded sources for org.springframework:spring-orm:5.1.7.RELEASE
2019-05-30 15:27:54,547 [Worker-23: Download sources and javadoc] INFO  o.e.m.c.i.e.AbstractTransferListenerAdapter - Downloading https://repo.maven.apache.org/maven2/org/springframework/spring-aspects/5.1.7.RELEASE/spring-aspects-5.1.7.RELEASE-sources.jar
2019-05-30 15:27:54,761 [Worker-23: Download sources and javadoc] INFO  o.e.m.c.i.e.AbstractTransferListenerAdapter - Downloaded https://repo.maven.apache.org/maven2/org/springframework/spring-aspects/5.1.7.RELEASE/spring-aspects-5.1.7.RELEASE-sources.jar
2019-05-30 15:27:54,935 [Worker-23: Download sources and javadoc] INFO  o.e.m.j.internal.DownloadSourcesJob - Downloaded sources for org.springframework:spring-aspects:5.1.7.RELEASE
2019-05-30 15:27:55,440 [Worker-23: Building workspace] INFO  o.e.m.c.i.embedder.EclipseLogger - Using 'UTF-8' encoding to copy filtered resources.
2019-05-30 15:27:55,441 [Worker-23: Building workspace] INFO  o.e.m.c.i.embedder.EclipseLogger - Copying 0 resource
2019-05-30 15:27:55,441 [Worker-23: Building workspace] INFO  o.e.m.c.i.embedder.EclipseLogger - Copying 0 resource
2019-05-30 15:27:55,443 [Worker-23: Building workspace] INFO  o.e.m.c.i.embedder.EclipseLogger - Using 'UTF-8' encoding to copy filtered resources.
2019-05-30 15:27:55,443 [Worker-23: Building workspace] INFO  o.e.m.c.i.embedder.EclipseLogger - skip non existing resourceDirectory C:\Microservices\04-053\springboot-in-10-steps\src\test\resources
2019-05-30 15:27:58,328 [Worker-22: Download sources and javadoc] INFO  o.e.m.c.i.e.AbstractTransferListenerAdapter - Downloaded https://repo.maven.apache.org/maven2/org/springframework/boot/spring-boot-starter-data-jpa/2.1.5.RELEASE/spring-boot-starter-data-jpa-2.1.5.RELEASE-javadoc.jar
2019-05-30 15:27:58,335 [Worker-22: Download sources and javadoc] ERROR o.e.m.j.internal.DownloadSourcesJob - Could not download javadoc for org.springframework.boot:spring-boot-starter-data-jpa:2.1.5.RELEASE
org.eclipse.core.runtime.CoreException: Could not resolve artifact org.springframework.boot:spring-boot-starter-data-jpa:jar:javadoc:2.1.5.RELEASE
	at org.eclipse.m2e.core.internal.embedder.MavenImpl.lambda$4(MavenImpl.java:763) [org.eclipse.m2e.core_1.11.0.20190220-2119.jar:na]
	at org.eclipse.m2e.core.internal.embedder.MavenExecutionContext.executeBare(MavenExecutionContext.java:177) [org.eclipse.m2e.core_1.11.0.20190220-2119.jar:na]
	at org.eclipse.m2e.core.internal.embedder.MavenExecutionContext.execute(MavenExecutionContext.java:112) [org.eclipse.m2e.core_1.11.0.20190220-2119.jar:na]
	at org.eclipse.m2e.core.internal.embedder.MavenExecutionContext.execute(MavenExecutionContext.java:99) [org.eclipse.m2e.core_1.11.0.20190220-2119.jar:na]
	at org.eclipse.m2e.core.internal.embedder.MavenImpl.resolve(MavenImpl.java:731) [org.eclipse.m2e.core_1.11.0.20190220-2119.jar:na]
	at org.eclipse.m2e.core.internal.embedder.MavenImpl.resolve(MavenImpl.java:708) [org.eclipse.m2e.core_1.11.0.20190220-2119.jar:na]
	at org.eclipse.m2e.jdt.internal.DownloadSourcesJob.download(DownloadSourcesJob.java:279) [org.eclipse.m2e.jdt_1.11.0.20190220-2119.jar:na]
	at org.eclipse.m2e.jdt.internal.DownloadSourcesJob.downloadAttachments(DownloadSourcesJob.java:265) [org.eclipse.m2e.jdt_1.11.0.20190220-2119.jar:na]
	at org.eclipse.m2e.jdt.internal.DownloadSourcesJob.downloadMaven(DownloadSourcesJob.java:221) [org.eclipse.m2e.jdt_1.11.0.20190220-2119.jar:na]
	at org.eclipse.m2e.jdt.internal.DownloadSourcesJob.run(DownloadSourcesJob.java:161) [org.eclipse.m2e.jdt_1.11.0.20190220-2119.jar:na]
	at org.eclipse.m2e.jdt.internal.DownloadSourcesJob$1.call(DownloadSourcesJob.java:137) [org.eclipse.m2e.jdt_1.11.0.20190220-2119.jar:na]
	at org.eclipse.m2e.jdt.internal.DownloadSourcesJob$1.call(DownloadSourcesJob.java:1) [org.eclipse.m2e.jdt_1.11.0.20190220-2119.jar:na]
	at org.eclipse.m2e.core.internal.embedder.MavenExecutionContext.executeBare(MavenExecutionContext.java:177) [org.eclipse.m2e.core_1.11.0.20190220-2119.jar:na]
	at org.eclipse.m2e.core.internal.embedder.MavenExecutionContext.execute(MavenExecutionContext.java:151) [org.eclipse.m2e.core_1.11.0.20190220-2119.jar:na]
	at org.eclipse.m2e.core.internal.embedder.MavenExecutionContext.execute(MavenExecutionContext.java:99) [org.eclipse.m2e.core_1.11.0.20190220-2119.jar:na]
	at org.eclipse.m2e.core.internal.embedder.MavenImpl.execute(MavenImpl.java:1336) [org.eclipse.m2e.core_1.11.0.20190220-2119.jar:na]
	at org.eclipse.m2e.jdt.internal.DownloadSourcesJob.run(DownloadSourcesJob.java:135) [org.eclipse.m2e.jdt_1.11.0.20190220-2119.jar:na]
	at org.eclipse.core.internal.jobs.Worker.run(Worker.java:63) [org.eclipse.core.jobs_3.10.300.v20190215-2048.jar:na]
2019-05-30 15:27:58,513 [Worker-22: Download sources and javadoc] INFO  o.e.m.c.i.e.AbstractTransferListenerAdapter - Downloaded https://repo.maven.apache.org/maven2/org/springframework/boot/spring-boot-starter-jdbc/2.1.5.RELEASE/spring-boot-starter-jdbc-2.1.5.RELEASE-javadoc.jar
2019-05-30 15:27:58,523 [Worker-22: Download sources and javadoc] ERROR o.e.m.j.internal.DownloadSourcesJob - Could not download javadoc for org.springframework.boot:spring-boot-starter-jdbc:2.1.5.RELEASE
org.eclipse.core.runtime.CoreException: Could not resolve artifact org.springframework.boot:spring-boot-starter-jdbc:jar:javadoc:2.1.5.RELEASE
	at org.eclipse.m2e.core.internal.embedder.MavenImpl.lambda$4(MavenImpl.java:763) [org.eclipse.m2e.core_1.11.0.20190220-2119.jar:na]
	at org.eclipse.m2e.core.internal.embedder.MavenExecutionContext.executeBare(MavenExecutionContext.java:177) [org.eclipse.m2e.core_1.11.0.20190220-2119.jar:na]
	at org.eclipse.m2e.core.internal.embedder.MavenExecutionContext.execute(MavenExecutionContext.java:112) [org.eclipse.m2e.core_1.11.0.20190220-2119.jar:na]
	at org.eclipse.m2e.core.internal.embedder.MavenExecutionContext.execute(MavenExecutionContext.java:99) [org.eclipse.m2e.core_1.11.0.20190220-2119.jar:na]
	at org.eclipse.m2e.core.internal.embedder.MavenImpl.resolve(MavenImpl.java:731) [org.eclipse.m2e.core_1.11.0.20190220-2119.jar:na]
	at org.eclipse.m2e.core.internal.embedder.MavenImpl.resolve(MavenImpl.java:708) [org.eclipse.m2e.core_1.11.0.20190220-2119.jar:na]
	at org.eclipse.m2e.jdt.internal.DownloadSourcesJob.download(DownloadSourcesJob.java:279) [org.eclipse.m2e.jdt_1.11.0.20190220-2119.jar:na]
	at org.eclipse.m2e.jdt.internal.DownloadSourcesJob.downloadAttachments(DownloadSourcesJob.java:265) [org.eclipse.m2e.jdt_1.11.0.20190220-2119.jar:na]
	at org.eclipse.m2e.jdt.internal.DownloadSourcesJob.downloadMaven(DownloadSourcesJob.java:221) [org.eclipse.m2e.jdt_1.11.0.20190220-2119.jar:na]
	at org.eclipse.m2e.jdt.internal.DownloadSourcesJob.run(DownloadSourcesJob.java:161) [org.eclipse.m2e.jdt_1.11.0.20190220-2119.jar:na]
	at org.eclipse.m2e.jdt.internal.DownloadSourcesJob$1.call(DownloadSourcesJob.java:137) [org.eclipse.m2e.jdt_1.11.0.20190220-2119.jar:na]
	at org.eclipse.m2e.jdt.internal.DownloadSourcesJob$1.call(DownloadSourcesJob.java:1) [org.eclipse.m2e.jdt_1.11.0.20190220-2119.jar:na]
	at org.eclipse.m2e.core.internal.embedder.MavenExecutionContext.executeBare(MavenExecutionContext.java:177) [org.eclipse.m2e.core_1.11.0.20190220-2119.jar:na]
	at org.eclipse.m2e.core.internal.embedder.MavenExecutionContext.execute(MavenExecutionContext.java:151) [org.eclipse.m2e.core_1.11.0.20190220-2119.jar:na]
	at org.eclipse.m2e.core.internal.embedder.MavenExecutionContext.execute(MavenExecutionContext.java:99) [org.eclipse.m2e.core_1.11.0.20190220-2119.jar:na]
	at org.eclipse.m2e.core.internal.embedder.MavenImpl.execute(MavenImpl.java:1336) [org.eclipse.m2e.core_1.11.0.20190220-2119.jar:na]
	at org.eclipse.m2e.jdt.internal.DownloadSourcesJob.run(DownloadSourcesJob.java:135) [org.eclipse.m2e.jdt_1.11.0.20190220-2119.jar:na]
	at org.eclipse.core.internal.jobs.Worker.run(Worker.java:63) [org.eclipse.core.jobs_3.10.300.v20190215-2048.jar:na]
2019-05-30 16:46:46,330 [Worker-17: Building workspace] INFO  o.e.m.c.i.l.LifecycleMappingFactory - Using org.eclipse.m2e.jdt.JarLifecycleMapping lifecycle mapping for MavenProject: com.in28minutes.springboot.basics:springboot-in-10-steps:0.0.1-SNAPSHOT @ C:\Microservices\04-053\springboot-in-10-steps\pom.xml.
2019-05-30 16:47:02,986 [Worker-17: Building workspace] INFO  o.e.m.c.i.embedder.EclipseLogger - Using 'UTF-8' encoding to copy filtered resources.
2019-05-30 16:47:03,109 [Worker-17: Building workspace] INFO  o.e.m.c.i.embedder.EclipseLogger - Copying 0 resource
2019-05-30 16:47:03,112 [Worker-17: Building workspace] INFO  o.e.m.c.i.embedder.EclipseLogger - Copying 0 resource
2019-05-30 16:47:03,122 [Worker-17: Building workspace] INFO  o.e.m.c.i.embedder.EclipseLogger - Using 'UTF-8' encoding to copy filtered resources.
2019-05-30 16:47:03,123 [Worker-17: Building workspace] INFO  o.e.m.c.i.embedder.EclipseLogger - skip non existing resourceDirectory C:\Microservices\04-053\springboot-in-10-steps\src\test\resources
2019-05-30 16:47:19,188 [Worker-22: Building workspace] INFO  o.e.m.c.i.embedder.EclipseLogger - Using 'UTF-8' encoding to copy filtered resources.
2019-05-30 16:47:19,234 [Worker-22: Building workspace] INFO  o.e.m.c.i.embedder.EclipseLogger - Copying 1 resource
2019-05-30 16:47:19,441 [Worker-22: Building workspace] INFO  o.e.m.c.i.embedder.EclipseLogger - Copying 0 resource
2019-05-30 16:47:19,447 [Worker-22: Building workspace] INFO  o.e.m.c.i.embedder.EclipseLogger - Using 'UTF-8' encoding to copy filtered resources.
2019-05-30 16:47:19,448 [Worker-22: Building workspace] INFO  o.e.m.c.i.embedder.EclipseLogger - skip non existing resourceDirectory C:\Microservices\04-053\springboot-in-10-steps\src\test\resources
2019-05-30 17:14:31,247 [Worker-17: Building workspace] INFO  o.e.m.c.i.l.LifecycleMappingFactory - Using org.eclipse.m2e.jdt.JarLifecycleMapping lifecycle mapping for MavenProject: com.in28minutes.springboot.basics:springboot-in-10-steps:0.0.1-SNAPSHOT @ C:\Microservices\04-053\springboot-in-10-steps\pom.xml.
2019-05-30 17:14:33,765 [Worker-17: Building workspace] INFO  o.e.m.c.i.e.AbstractTransferListenerAdapter - Downloading https://repo.maven.apache.org/maven2/org/springframework/data/spring-data-rest-hal-browser/3.1.8.RELEASE/spring-data-rest-hal-browser-3.1.8.RELEASE.pom
2019-05-30 17:14:34,517 [Worker-17: Building workspace] INFO  o.e.m.c.i.e.AbstractTransferListenerAdapter - Downloaded https://repo.maven.apache.org/maven2/org/springframework/data/spring-data-rest-hal-browser/3.1.8.RELEASE/spring-data-rest-hal-browser-3.1.8.RELEASE.pom
2019-05-30 17:14:34,715 [Worker-17: Building workspace] INFO  o.e.m.c.i.e.AbstractTransferListenerAdapter - Downloading https://repo.maven.apache.org/maven2/org/springframework/data/spring-data-rest-parent/3.1.8.RELEASE/spring-data-rest-parent-3.1.8.RELEASE.pom
2019-05-30 17:14:35,069 [Worker-17: Building workspace] INFO  o.e.m.c.i.e.AbstractTransferListenerAdapter - Downloaded https://repo.maven.apache.org/maven2/org/springframework/data/spring-data-rest-parent/3.1.8.RELEASE/spring-data-rest-parent-3.1.8.RELEASE.pom
2019-05-30 17:14:35,548 [Worker-17: Building workspace] INFO  o.e.m.c.i.e.AbstractTransferListenerAdapter - Downloading https://repo.maven.apache.org/maven2/org/springframework/data/spring-data-rest-webmvc/3.1.8.RELEASE/spring-data-rest-webmvc-3.1.8.RELEASE.pom
2019-05-30 17:14:35,871 [Worker-17: Building workspace] INFO  o.e.m.c.i.e.AbstractTransferListenerAdapter - Downloaded https://repo.maven.apache.org/maven2/org/springframework/data/spring-data-rest-webmvc/3.1.8.RELEASE/spring-data-rest-webmvc-3.1.8.RELEASE.pom
2019-05-30 17:14:36,131 [Worker-17: Building workspace] INFO  o.e.m.c.i.e.AbstractTransferListenerAdapter - Downloading https://repo.maven.apache.org/maven2/org/springframework/data/spring-data-rest-core/3.1.8.RELEASE/spring-data-rest-core-3.1.8.RELEASE.pom
2019-05-30 17:14:36,492 [Worker-17: Building workspace] INFO  o.e.m.c.i.e.AbstractTransferListenerAdapter - Downloaded https://repo.maven.apache.org/maven2/org/springframework/data/spring-data-rest-core/3.1.8.RELEASE/spring-data-rest-core-3.1.8.RELEASE.pom
2019-05-30 17:14:36,787 [Worker-17: Building workspace] INFO  o.e.m.c.i.e.AbstractTransferListenerAdapter - Downloading https://repo.maven.apache.org/maven2/org/springframework/hateoas/spring-hateoas/0.25.1.RELEASE/spring-hateoas-0.25.1.RELEASE.pom
2019-05-30 17:14:37,458 [Worker-17: Building workspace] INFO  o.e.m.c.i.e.AbstractTransferListenerAdapter - Downloaded https://repo.maven.apache.org/maven2/org/springframework/hateoas/spring-hateoas/0.25.1.RELEASE/spring-hateoas-0.25.1.RELEASE.pom
2019-05-30 17:14:37,938 [Worker-17: Building workspace] INFO  o.e.m.c.i.e.AbstractTransferListenerAdapter - Downloading https://repo.maven.apache.org/maven2/org/springframework/plugin/spring-plugin-core/1.2.0.RELEASE/spring-plugin-core-1.2.0.RELEASE.pom
2019-05-30 17:14:38,129 [Worker-17: Building workspace] INFO  o.e.m.c.i.e.AbstractTransferListenerAdapter - Downloaded https://repo.maven.apache.org/maven2/org/springframework/plugin/spring-plugin-core/1.2.0.RELEASE/spring-plugin-core-1.2.0.RELEASE.pom
2019-05-30 17:14:38,336 [Worker-17: Building workspace] INFO  o.e.m.c.i.e.AbstractTransferListenerAdapter - Downloading https://repo.maven.apache.org/maven2/org/springframework/plugin/spring-plugin/1.2.0.RELEASE/spring-plugin-1.2.0.RELEASE.pom
2019-05-30 17:14:38,520 [Worker-17: Building workspace] INFO  o.e.m.c.i.e.AbstractTransferListenerAdapter - Downloaded https://repo.maven.apache.org/maven2/org/springframework/plugin/spring-plugin/1.2.0.RELEASE/spring-plugin-1.2.0.RELEASE.pom
2019-05-30 17:14:38,748 [Worker-17: Building workspace] INFO  o.e.m.c.i.e.AbstractTransferListenerAdapter - Downloading https://repo.maven.apache.org/maven2/org/atteo/evo-inflector/1.2.2/evo-inflector-1.2.2.pom
2019-05-30 17:14:38,972 [Worker-17: Building workspace] INFO  o.e.m.c.i.e.AbstractTransferListenerAdapter - Downloaded https://repo.maven.apache.org/maven2/org/atteo/evo-inflector/1.2.2/evo-inflector-1.2.2.pom
2019-05-30 17:14:39,193 [Worker-17: Building workspace] INFO  o.e.m.c.i.e.AbstractTransferListenerAdapter - Downloading https://repo.maven.apache.org/maven2/org/atteo/parent/1.14/parent-1.14.pom
2019-05-30 17:14:39,561 [Worker-17: Building workspace] INFO  o.e.m.c.i.e.AbstractTransferListenerAdapter - Downloaded https://repo.maven.apache.org/maven2/org/atteo/parent/1.14/parent-1.14.pom
2019-05-30 17:14:39,976 [Worker-17: Building workspace] INFO  o.e.m.c.i.e.AbstractTransferListenerAdapter - Downloading https://repo.maven.apache.org/maven2/org/springframework/data/spring-data-rest-hal-browser/3.1.8.RELEASE/spring-data-rest-hal-browser-3.1.8.RELEASE.jar
2019-05-30 17:14:41,535 [Worker-17: Building workspace] INFO  o.e.m.c.i.e.AbstractTransferListenerAdapter - Downloaded https://repo.maven.apache.org/maven2/org/springframework/data/spring-data-rest-hal-browser/3.1.8.RELEASE/spring-data-rest-hal-browser-3.1.8.RELEASE.jar
2019-05-30 17:14:41,738 [Worker-17: Building workspace] INFO  o.e.m.c.i.e.AbstractTransferListenerAdapter - Downloading https://repo.maven.apache.org/maven2/org/springframework/data/spring-data-rest-webmvc/3.1.8.RELEASE/spring-data-rest-webmvc-3.1.8.RELEASE.jar
2019-05-30 17:14:43,606 [Worker-17: Building workspace] INFO  o.e.m.c.i.e.AbstractTransferListenerAdapter - Downloaded https://repo.maven.apache.org/maven2/org/springframework/data/spring-data-rest-webmvc/3.1.8.RELEASE/spring-data-rest-webmvc-3.1.8.RELEASE.jar
2019-05-30 17:14:43,801 [Worker-17: Building workspace] INFO  o.e.m.c.i.e.AbstractTransferListenerAdapter - Downloading https://repo.maven.apache.org/maven2/org/springframework/data/spring-data-rest-core/3.1.8.RELEASE/spring-data-rest-core-3.1.8.RELEASE.jar
2019-05-30 17:14:44,397 [Worker-17: Building workspace] INFO  o.e.m.c.i.e.AbstractTransferListenerAdapter - Downloaded https://repo.maven.apache.org/maven2/org/springframework/data/spring-data-rest-core/3.1.8.RELEASE/spring-data-rest-core-3.1.8.RELEASE.jar
2019-05-30 17:14:44,596 [Worker-17: Building workspace] INFO  o.e.m.c.i.e.AbstractTransferListenerAdapter - Downloading https://repo.maven.apache.org/maven2/org/springframework/hateoas/spring-hateoas/0.25.1.RELEASE/spring-hateoas-0.25.1.RELEASE.jar
2019-05-30 17:14:45,122 [Worker-17: Building workspace] INFO  o.e.m.c.i.e.AbstractTransferListenerAdapter - Downloaded https://repo.maven.apache.org/maven2/org/springframework/hateoas/spring-hateoas/0.25.1.RELEASE/spring-hateoas-0.25.1.RELEASE.jar
2019-05-30 17:14:45,340 [Worker-17: Building workspace] INFO  o.e.m.c.i.e.AbstractTransferListenerAdapter - Downloading https://repo.maven.apache.org/maven2/org/springframework/plugin/spring-plugin-core/1.2.0.RELEASE/spring-plugin-core-1.2.0.RELEASE.jar
2019-05-30 17:14:45,546 [Worker-17: Building workspace] INFO  o.e.m.c.i.e.AbstractTransferListenerAdapter - Downloaded https://repo.maven.apache.org/maven2/org/springframework/plugin/spring-plugin-core/1.2.0.RELEASE/spring-plugin-core-1.2.0.RELEASE.jar
2019-05-30 17:14:45,746 [Worker-17: Building workspace] INFO  o.e.m.c.i.e.AbstractTransferListenerAdapter - Downloading https://repo.maven.apache.org/maven2/org/atteo/evo-inflector/1.2.2/evo-inflector-1.2.2.jar
2019-05-30 17:14:45,941 [Worker-17: Building workspace] INFO  o.e.m.c.i.e.AbstractTransferListenerAdapter - Downloaded https://repo.maven.apache.org/maven2/org/atteo/evo-inflector/1.2.2/evo-inflector-1.2.2.jar
2019-05-30 17:14:49,397 [Worker-17: Building workspace] INFO  o.e.m.c.i.embedder.EclipseLogger - Using 'UTF-8' encoding to copy filtered resources.
2019-05-30 17:14:49,403 [Worker-17: Building workspace] INFO  o.e.m.c.i.embedder.EclipseLogger - Copying 0 resource
2019-05-30 17:14:49,403 [Worker-17: Building workspace] INFO  o.e.m.c.i.embedder.EclipseLogger - Copying 0 resource
2019-05-30 17:14:49,407 [Worker-17: Building workspace] INFO  o.e.m.c.i.embedder.EclipseLogger - Using 'UTF-8' encoding to copy filtered resources.
2019-05-30 17:14:49,408 [Worker-17: Building workspace] INFO  o.e.m.c.i.embedder.EclipseLogger - skip non existing resourceDirectory C:\Microservices\04-053\springboot-in-10-steps\src\test\resources
2019-05-30 17:14:53,816 [Worker-28: Download sources and javadoc] INFO  o.e.m.c.i.e.AbstractTransferListenerAdapter - Downloading https://repo.maven.apache.org/maven2/org/springframework/data/spring-data-rest-hal-browser/3.1.8.RELEASE/spring-data-rest-hal-browser-3.1.8.RELEASE-sources.jar
2019-05-30 17:14:54,157 [Worker-28: Download sources and javadoc] INFO  o.e.m.c.i.e.AbstractTransferListenerAdapter - Downloaded https://repo.maven.apache.org/maven2/org/springframework/data/spring-data-rest-hal-browser/3.1.8.RELEASE/spring-data-rest-hal-browser-3.1.8.RELEASE-sources.jar
2019-05-30 17:14:54,676 [Worker-22: Building workspace] INFO  o.e.m.c.i.embedder.EclipseLogger - Using 'UTF-8' encoding to copy filtered resources.
2019-05-30 17:14:54,678 [Worker-22: Building workspace] INFO  o.e.m.c.i.embedder.EclipseLogger - Copying 1 resource
2019-05-30 17:14:54,923 [Worker-22: Building workspace] INFO  o.e.m.c.i.embedder.EclipseLogger - Copying 0 resource
2019-05-30 17:14:54,927 [Worker-22: Building workspace] INFO  o.e.m.c.i.embedder.EclipseLogger - Using 'UTF-8' encoding to copy filtered resources.
2019-05-30 17:14:54,928 [Worker-22: Building workspace] INFO  o.e.m.c.i.embedder.EclipseLogger - skip non existing resourceDirectory C:\Microservices\04-053\springboot-in-10-steps\src\test\resources
2019-05-30 17:14:55,114 [Worker-28: Download sources and javadoc] INFO  o.e.m.j.internal.DownloadSourcesJob - Downloaded sources for org.springframework.data:spring-data-rest-hal-browser:3.1.8.RELEASE
2019-05-30 17:14:55,444 [Worker-28: Download sources and javadoc] INFO  o.e.m.c.i.e.AbstractTransferListenerAdapter - Downloading https://repo.maven.apache.org/maven2/org/springframework/data/spring-data-rest-webmvc/3.1.8.RELEASE/spring-data-rest-webmvc-3.1.8.RELEASE-sources.jar
2019-05-30 17:14:57,412 [Worker-28: Download sources and javadoc] INFO  o.e.m.c.i.e.AbstractTransferListenerAdapter - Downloaded https://repo.maven.apache.org/maven2/org/springframework/data/spring-data-rest-webmvc/3.1.8.RELEASE/spring-data-rest-webmvc-3.1.8.RELEASE-sources.jar
2019-05-30 17:14:58,037 [Worker-28: Download sources and javadoc] INFO  o.e.m.j.internal.DownloadSourcesJob - Downloaded sources for org.springframework.data:spring-data-rest-webmvc:3.1.8.RELEASE
2019-05-30 17:14:58,218 [Worker-28: Download sources and javadoc] INFO  o.e.m.c.i.e.AbstractTransferListenerAdapter - Downloading https://repo.maven.apache.org/maven2/org/springframework/data/spring-data-rest-core/3.1.8.RELEASE/spring-data-rest-core-3.1.8.RELEASE-sources.jar
2019-05-30 17:14:58,781 [Worker-28: Download sources and javadoc] INFO  o.e.m.c.i.e.AbstractTransferListenerAdapter - Downloaded https://repo.maven.apache.org/maven2/org/springframework/data/spring-data-rest-core/3.1.8.RELEASE/spring-data-rest-core-3.1.8.RELEASE-sources.jar
2019-05-30 17:14:59,223 [Worker-28: Download sources and javadoc] INFO  o.e.m.j.internal.DownloadSourcesJob - Downloaded sources for org.springframework.data:spring-data-rest-core:3.1.8.RELEASE
2019-05-30 17:14:59,406 [Worker-28: Download sources and javadoc] INFO  o.e.m.c.i.e.AbstractTransferListenerAdapter - Downloading https://repo.maven.apache.org/maven2/org/springframework/hateoas/spring-hateoas/0.25.1.RELEASE/spring-hateoas-0.25.1.RELEASE-sources.jar
2019-05-30 17:15:01,570 [Worker-28: Download sources and javadoc] INFO  o.e.m.c.i.e.AbstractTransferListenerAdapter - Downloaded https://repo.maven.apache.org/maven2/org/springframework/hateoas/spring-hateoas/0.25.1.RELEASE/spring-hateoas-0.25.1.RELEASE-sources.jar
2019-05-30 17:15:01,996 [Worker-28: Download sources and javadoc] INFO  o.e.m.j.internal.DownloadSourcesJob - Downloaded sources for org.springframework.hateoas:spring-hateoas:0.25.1.RELEASE
2019-05-30 17:15:02,200 [Worker-28: Download sources and javadoc] INFO  o.e.m.c.i.e.AbstractTransferListenerAdapter - Downloading https://repo.maven.apache.org/maven2/org/springframework/plugin/spring-plugin-core/1.2.0.RELEASE/spring-plugin-core-1.2.0.RELEASE-sources.jar
2019-05-30 17:15:03,019 [Worker-28: Download sources and javadoc] INFO  o.e.m.c.i.e.AbstractTransferListenerAdapter - Downloaded https://repo.maven.apache.org/maven2/org/springframework/plugin/spring-plugin-core/1.2.0.RELEASE/spring-plugin-core-1.2.0.RELEASE-sources.jar
2019-05-30 17:15:03,366 [Worker-28: Download sources and javadoc] INFO  o.e.m.j.internal.DownloadSourcesJob - Downloaded sources for org.springframework.plugin:spring-plugin-core:1.2.0.RELEASE
2019-05-30 17:15:03,550 [Worker-28: Download sources and javadoc] INFO  o.e.m.c.i.e.AbstractTransferListenerAdapter - Downloading https://repo.maven.apache.org/maven2/org/atteo/evo-inflector/1.2.2/evo-inflector-1.2.2-sources.jar
2019-05-30 17:15:03,738 [Worker-28: Download sources and javadoc] INFO  o.e.m.c.i.e.AbstractTransferListenerAdapter - Downloaded https://repo.maven.apache.org/maven2/org/atteo/evo-inflector/1.2.2/evo-inflector-1.2.2-sources.jar
2019-05-30 17:15:03,995 [Worker-28: Download sources and javadoc] INFO  o.e.m.j.internal.DownloadSourcesJob - Downloaded sources for org.atteo:evo-inflector:1.2.2
2019-05-30 17:15:04,622 [Worker-27: Building workspace] INFO  o.e.m.c.i.embedder.EclipseLogger - Using 'UTF-8' encoding to copy filtered resources.
2019-05-30 17:15:04,623 [Worker-27: Building workspace] INFO  o.e.m.c.i.embedder.EclipseLogger - Copying 0 resource
2019-05-30 17:15:04,623 [Worker-27: Building workspace] INFO  o.e.m.c.i.embedder.EclipseLogger - Copying 0 resource
2019-05-30 17:15:04,625 [Worker-27: Building workspace] INFO  o.e.m.c.i.embedder.EclipseLogger - Using 'UTF-8' encoding to copy filtered resources.
2019-05-30 17:15:04,626 [Worker-27: Building workspace] INFO  o.e.m.c.i.embedder.EclipseLogger - skip non existing resourceDirectory C:\Microservices\04-053\springboot-in-10-steps\src\test\resources
2019-05-30 17:15:14,086 [Worker-17: Building workspace] INFO  o.e.m.c.i.embedder.EclipseLogger - Using 'UTF-8' encoding to copy filtered resources.
2019-05-30 17:15:14,087 [Worker-17: Building workspace] INFO  o.e.m.c.i.embedder.EclipseLogger - Copying 1 resource
2019-05-30 17:15:14,141 [Worker-17: Building workspace] INFO  o.e.m.c.i.embedder.EclipseLogger - Copying 0 resource
2019-05-30 17:15:14,144 [Worker-17: Building workspace] INFO  o.e.m.c.i.embedder.EclipseLogger - Using 'UTF-8' encoding to copy filtered resources.
2019-05-30 17:15:14,145 [Worker-17: Building workspace] INFO  o.e.m.c.i.embedder.EclipseLogger - skip non existing resourceDirectory C:\Microservices\04-053\springboot-in-10-steps\src\test\resources
2019-05-30 18:13:40,283 [Worker-30: Building workspace] INFO  o.e.m.c.i.l.LifecycleMappingFactory - Using org.eclipse.m2e.jdt.JarLifecycleMapping lifecycle mapping for MavenProject: com.in28minutes.springboot.basics:springboot-in-10-steps:0.0.1-SNAPSHOT @ C:\Microservices\04-053\springboot-in-10-steps\pom.xml.
2019-05-30 18:14:06,941 [Worker-30: Building workspace] INFO  o.e.m.c.i.embedder.EclipseLogger - Using 'UTF-8' encoding to copy filtered resources.
2019-05-30 18:14:07,020 [Worker-30: Building workspace] INFO  o.e.m.c.i.embedder.EclipseLogger - Copying 0 resource
2019-05-30 18:14:07,023 [Worker-30: Building workspace] INFO  o.e.m.c.i.embedder.EclipseLogger - Copying 0 resource
2019-05-30 18:14:07,033 [Worker-30: Building workspace] INFO  o.e.m.c.i.embedder.EclipseLogger - Using 'UTF-8' encoding to copy filtered resources.
2019-05-30 18:14:07,034 [Worker-30: Building workspace] INFO  o.e.m.c.i.embedder.EclipseLogger - skip non existing resourceDirectory C:\Microservices\04-053\springboot-in-10-steps\src\test\resources
2019-05-30 18:14:18,546 [Worker-17: Building workspace] INFO  o.e.m.c.i.embedder.EclipseLogger - Using 'UTF-8' encoding to copy filtered resources.
2019-05-30 18:14:18,620 [Worker-17: Building workspace] INFO  o.e.m.c.i.embedder.EclipseLogger - Copying 1 resource
2019-05-30 18:14:18,957 [Worker-17: Building workspace] INFO  o.e.m.c.i.embedder.EclipseLogger - Copying 0 resource
2019-05-30 18:14:18,961 [Worker-17: Building workspace] INFO  o.e.m.c.i.embedder.EclipseLogger - Using 'UTF-8' encoding to copy filtered resources.
2019-05-30 18:14:18,961 [Worker-17: Building workspace] INFO  o.e.m.c.i.embedder.EclipseLogger - skip non existing resourceDirectory C:\Microservices\04-053\springboot-in-10-steps\src\test\resources
